Sat Jun 27 01:15:15 UTC 2026
start, LSWS running: 0
LSWS does not restart properly, check port 7080
check port 7080 after kill all litespeed processes 
Sat Jun 27 01:15:19 UTC 2026
status, LSWS running: 0
Sat Jun 27 01:15:22 UTC 2026
start, LSWS running: 0
LSWS does not restart properly, check port 7080
check port 7080 after kill all litespeed processes 
Sat Jun 27 01:15:26 UTC 2026
status, LSWS running: 0
Sat Jun 27 01:15:27 UTC 2026
start, LSWS running: 0
LSWS does not restart properly, check port 7080
check port 7080 after kill all litespeed processes 
Sat Jun 27 01:15:32 UTC 2026
status, LSWS running: 0
Sat Jun 27 01:15:33 UTC 2026
start, LSWS running: 0
LSWS does not restart properly, check port 7080
check port 7080 after kill all litespeed processes 
Sat Jun 27 01:15:37 UTC 2026
status, LSWS running: 0
Sat Jun 27 01:15:39 UTC 2026
start, LSWS running: 0
LSWS does not restart properly, check port 7080
check port 7080 after kill all litespeed processes 
Sat Jun 27 01:15:43 UTC 2026
status, LSWS running: 0
Sat Jun 27 01:15:46 UTC 2026
start, LSWS running: 0
LSWS does not restart properly, check port 7080
check port 7080 after kill all litespeed processes 
Sat Jun 27 01:15:49 UTC 2026
status, LSWS running: 0
Sat Jun 27 01:15:53 UTC 2026
start, LSWS running: 0
LSWS does not restart properly, check port 7080
check port 7080 after kill all litespeed processes 
Sat Jun 27 01:15:56 UTC 2026
status, LSWS running: 0
Sat Jun 27 01:16:06 UTC 2026
start, LSWS running: 0
LSWS does not restart properly, check port 7080
check port 7080 after kill all litespeed processes 
Sat Jun 27 01:16:10 UTC 2026
status, LSWS running: 0
Sat Jun 27 01:16:23 UTC 2026
start, LSWS running: 0
LSWS does not restart properly, check port 7080
check port 7080 after kill all litespeed processes 
Sat Jun 27 01:16:27 UTC 2026
status, LSWS running: 0
Sat Jun 27 01:16:54 UTC 2026
start, LSWS running: 0
LSWS does not restart properly, check port 7080
check port 7080 after kill all litespeed processes 
Sat Jun 27 01:16:57 UTC 2026
status, LSWS running: 0
Sat Jun 27 01:17:50 UTC 2026
start, LSWS running: 0
LSWS does not restart properly, check port 7080
check port 7080 after kill all litespeed processes 
Sat Jun 27 01:17:53 UTC 2026
status, LSWS running: 0
Sat Jun 27 01:18:54 UTC 2026
start, LSWS running: 0
LSWS does not restart properly, check port 7080
check port 7080 after kill all litespeed processes 
Sat Jun 27 01:18:59 UTC 2026
status, LSWS running: 0
Sat Jun 27 01:19:59 UTC 2026
start, LSWS running: 0
LSWS does not restart properly, check port 7080
check port 7080 after kill all litespeed processes 
Sat Jun 27 01:20:04 UTC 2026
status, LSWS running: 0
Sat Jun 27 01:21:05 UTC 2026
start, LSWS running: 0
LSWS does not restart properly, check port 7080
check port 7080 after kill all litespeed processes 
Sat Jun 27 01:21:09 UTC 2026
status, LSWS running: 0
Sat Jun 27 01:22:09 UTC 2026
start, LSWS running: 0
LSWS does not restart properly, check port 7080
check port 7080 after kill all litespeed processes 
Sat Jun 27 01:22:13 UTC 2026
status, LSWS running: 0
Sat Jun 27 01:23:14 UTC 2026
start, LSWS running: 0
LSWS does not restart properly, check port 7080
check port 7080 after kill all litespeed processes 
Sat Jun 27 01:23:17 UTC 2026
status, LSWS running: 0
Sat Jun 27 01:43:10 UTC 2026
start, LSWS running: 0
LSWS does not restart properly, check port 7080
check port 7080 after kill all litespeed processes 
Sat Jun 27 01:43:28 UTC 2026
status, LSWS running: 0
Sat Jun 27 01:43:29 UTC 2026
start, LSWS running: 0
LSWS does not restart properly, check port 7080
check port 7080 after kill all litespeed processes 
Sat Jun 27 01:43:47 UTC 2026
status, LSWS running: 0
Sat Jun 27 01:43:48 UTC 2026
start, LSWS running: 0
LSWS does not restart properly, check port 7080
check port 7080 after kill all litespeed processes 
Sat Jun 27 01:44:05 UTC 2026
status, LSWS running: 0
Sat Jun 27 01:44:07 UTC 2026
start, LSWS running: 0
LSWS does not restart properly, check port 7080
check port 7080 after kill all litespeed processes 
Sat Jun 27 01:44:24 UTC 2026
status, LSWS running: 0
Sat Jun 27 01:44:25 UTC 2026
start, LSWS running: 0
LSWS does not restart properly, check port 7080
check port 7080 after kill all litespeed processes 
Sat Jun 27 01:44:43 UTC 2026
status, LSWS running: 0
Sat Jun 27 01:44:44 UTC 2026
start, LSWS running: 0
LSWS does not restart properly, check port 7080
check port 7080 after kill all litespeed processes 
Sat Jun 27 01:45:02 UTC 2026
status, LSWS running: 0
Sat Jun 27 01:45:08 UTC 2026
start, LSWS running: 0
LSWS does not restart properly, check port 7080
check port 7080 after kill all litespeed processes 
Sat Jun 27 01:45:25 UTC 2026
status, LSWS running: 0
Sat Jun 27 01:45:26 UTC 2026
start, LSWS running: 0
LSWS does not restart properly, check port 7080
check port 7080 after kill all litespeed processes 
Sat Jun 27 01:45:44 UTC 2026
status, LSWS running: 0
Sat Jun 27 01:45:45 UTC 2026
start, LSWS running: 0
LSWS does not restart properly, check port 7080
check port 7080 after kill all litespeed processes 
Sat Jun 27 01:46:03 UTC 2026
status, LSWS running: 0
Sat Jun 27 01:46:05 UTC 2026
start, LSWS running: 0
LSWS does not restart properly, check port 7080
check port 7080 after kill all litespeed processes 
Sat Jun 27 01:46:22 UTC 2026
status, LSWS running: 0
Sat Jun 27 01:46:23 UTC 2026
start, LSWS running: 0
LSWS does not restart properly, check port 7080
check port 7080 after kill all litespeed processes 
Sat Jun 27 01:46:41 UTC 2026
status, LSWS running: 0
Sat Jun 27 01:46:41 UTC 2026
start, LSWS running: 0
LSWS does not restart properly, check port 7080
check port 7080 after kill all litespeed processes 
Sat Jun 27 01:46:59 UTC 2026
status, LSWS running: 0
Sat Jun 27 01:47:01 UTC 2026
start, LSWS running: 0
LSWS does not restart properly, check port 7080
check port 7080 after kill all litespeed processes 
Sat Jun 27 01:47:19 UTC 2026
status, LSWS running: 0
Sat Jun 27 01:47:20 UTC 2026
start, LSWS running: 0
LSWS does not restart properly, check port 7080
check port 7080 after kill all litespeed processes 
Sat Jun 27 01:47:37 UTC 2026
status, LSWS running: 0
Sat Jun 27 01:47:38 UTC 2026
start, LSWS running: 0
LSWS does not restart properly, check port 7080
check port 7080 after kill all litespeed processes 
Sat Jun 27 01:47:56 UTC 2026
status, LSWS running: 0
Sat Jun 27 01:47:57 UTC 2026
start, LSWS running: 0
LSWS does not restart properly, check port 7080
check port 7080 after kill all litespeed processes 
Sat Jun 27 01:48:15 UTC 2026
status, LSWS running: 0
Sat Jun 27 01:48:16 UTC 2026
start, LSWS running: 0
Sat Jun 27 01:48:18 UTC 2026
status, LSWS running: 1
Sat Jun 27 01:49:20 UTC 2026
start, LSWS running: 0
Sat Jun 27 01:49:23 UTC 2026
status, LSWS running: 1
Sat Jun 27 01:50:23 UTC 2026
status, LSWS running: 1
Sat Jun 27 01:51:23 UTC 2026
status, LSWS running: 1
Sat Jun 27 01:52:23 UTC 2026
status, LSWS running: 1
Sat Jun 27 01:53:23 UTC 2026
status, LSWS running: 1
Sat Jun 27 01:54:23 UTC 2026
status, LSWS running: 1
Sat Jun 27 01:55:23 UTC 2026
status, LSWS running: 1
Sat Jun 27 01:56:23 UTC 2026
status, LSWS running: 1
Sat Jun 27 01:57:23 UTC 2026
status, LSWS running: 1
Sat Jun 27 01:58:23 UTC 2026
status, LSWS running: 1
Sat Jun 27 01:59:23 UTC 2026
status, LSWS running: 1
Sat Jun 27 02:00:23 UTC 2026
status, LSWS running: 1
Sat Jun 27 02:01:24 UTC 2026
status, LSWS running: 1
Sat Jun 27 02:02:24 UTC 2026
status, LSWS running: 1
Sat Jun 27 02:03:24 UTC 2026
status, LSWS running: 1
Sat Jun 27 02:04:24 UTC 2026
status, LSWS running: 1
Sat Jun 27 02:05:24 UTC 2026
status, LSWS running: 1
Sat Jun 27 02:06:24 UTC 2026
status, LSWS running: 1
Sat Jun 27 02:07:24 UTC 2026
status, LSWS running: 1
Sat Jun 27 02:08:24 UTC 2026
status, LSWS running: 1
Sat Jun 27 02:09:24 UTC 2026
status, LSWS running: 1
Sat Jun 27 02:10:24 UTC 2026
status, LSWS running: 1
Sat Jun 27 02:11:24 UTC 2026
status, LSWS running: 1
Sat Jun 27 02:12:24 UTC 2026
status, LSWS running: 1
Sat Jun 27 02:13:24 UTC 2026
status, LSWS running: 1
Sat Jun 27 02:14:25 UTC 2026
status, LSWS running: 1
Sat Jun 27 02:15:25 UTC 2026
status, LSWS running: 1
Sat Jun 27 02:16:25 UTC 2026
status, LSWS running: 1
Sat Jun 27 02:17:25 UTC 2026
status, LSWS running: 1
Sat Jun 27 02:18:25 UTC 2026
status, LSWS running: 1
Sat Jun 27 02:19:25 UTC 2026
status, LSWS running: 1
Sat Jun 27 02:20:25 UTC 2026
status, LSWS running: 1
Sat Jun 27 02:21:25 UTC 2026
status, LSWS running: 1
Sat Jun 27 02:22:25 UTC 2026
status, LSWS running: 1
Sat Jun 27 02:23:25 UTC 2026
status, LSWS running: 1
Sat Jun 27 02:24:25 UTC 2026
status, LSWS running: 1
Sat Jun 27 02:25:26 UTC 2026
status, LSWS running: 1
Sat Jun 27 02:26:26 UTC 2026
status, LSWS running: 1
Sat Jun 27 02:26:48 UTC 2026
start, LSWS running: 0
Sat Jun 27 02:26:50 UTC 2026
status, LSWS running: 1
Sat Jun 27 02:27:50 UTC 2026
status, LSWS running: 1
Sat Jun 27 02:28:50 UTC 2026
status, LSWS running: 1
Sat Jun 27 02:29:50 UTC 2026
status, LSWS running: 1
Sat Jun 27 02:30:50 UTC 2026
status, LSWS running: 1
Sat Jun 27 02:31:50 UTC 2026
status, LSWS running: 1
Sat Jun 27 02:32:50 UTC 2026
status, LSWS running: 1
Sat Jun 27 02:33:50 UTC 2026
status, LSWS running: 1
Sat Jun 27 02:34:50 UTC 2026
status, LSWS running: 1
Sat Jun 27 02:35:50 UTC 2026
status, LSWS running: 1
Sat Jun 27 02:36:50 UTC 2026
status, LSWS running: 1
Sat Jun 27 02:37:50 UTC 2026
status, LSWS running: 1
Sat Jun 27 02:38:50 UTC 2026
status, LSWS running: 1
Sat Jun 27 02:39:51 UTC 2026
status, LSWS running: 1
Sat Jun 27 02:40:26 UTC 2026
start, LSWS running: 0
Sat Jun 27 02:40:29 UTC 2026
status, LSWS running: 1
Sat Jun 27 02:41:29 UTC 2026
status, LSWS running: 1
Sat Jun 27 02:42:29 UTC 2026
status, LSWS running: 1
Sat Jun 27 02:43:30 UTC 2026
status, LSWS running: 1
Sat Jun 27 02:44:30 UTC 2026
status, LSWS running: 1
Sat Jun 27 02:45:20 UTC 2026
start, LSWS running: 0
Sat Jun 27 02:45:22 UTC 2026
status, LSWS running: 1
Sat Jun 27 02:46:22 UTC 2026
status, LSWS running: 1
Sat Jun 27 02:47:22 UTC 2026
status, LSWS running: 1
Sat Jun 27 02:48:22 UTC 2026
status, LSWS running: 1
Sat Jun 27 02:49:22 UTC 2026
status, LSWS running: 1
Sat Jun 27 02:50:22 UTC 2026
status, LSWS running: 1
Sat Jun 27 02:51:23 UTC 2026
status, LSWS running: 1
Sat Jun 27 02:52:23 UTC 2026
status, LSWS running: 1
Sat Jun 27 02:53:23 UTC 2026
status, LSWS running: 1
Sat Jun 27 02:54:23 UTC 2026
status, LSWS running: 1
Sat Jun 27 02:55:23 UTC 2026
status, LSWS running: 1
Sat Jun 27 02:56:23 UTC 2026
status, LSWS running: 1
Sat Jun 27 02:57:23 UTC 2026
status, LSWS running: 1
Sat Jun 27 02:58:23 UTC 2026
status, LSWS running: 1
Sat Jun 27 02:59:23 UTC 2026
status, LSWS running: 1
Sat Jun 27 03:00:23 UTC 2026
status, LSWS running: 1
Sat Jun 27 03:01:23 UTC 2026
status, LSWS running: 1
Sat Jun 27 03:02:23 UTC 2026
status, LSWS running: 1
Sat Jun 27 03:03:23 UTC 2026
status, LSWS running: 1
Sat Jun 27 03:03:30 UTC 2026
start, LSWS running: 0
Sat Jun 27 03:03:34 UTC 2026
status, LSWS running: 1
Sat Jun 27 03:04:34 UTC 2026
status, LSWS running: 1
Sat Jun 27 03:05:34 UTC 2026
status, LSWS running: 1
Sat Jun 27 03:12:56 UTC 2026
start, LSWS running: 0
Sat Jun 27 03:12:58 UTC 2026
status, LSWS running: 1
Sat Jun 27 03:13:59 UTC 2026
status, LSWS running: 1
Sat Jun 27 03:14:59 UTC 2026
status, LSWS running: 1
Sat Jun 27 03:15:59 UTC 2026
status, LSWS running: 1
Sat Jun 27 03:16:59 UTC 2026
status, LSWS running: 1
Sat Jun 27 03:17:59 UTC 2026
status, LSWS running: 1
Sat Jun 27 03:23:56 UTC 2026
start, LSWS running: 0
Sat Jun 27 03:23:59 UTC 2026
status, LSWS running: 1
Sat Jun 27 03:24:59 UTC 2026
status, LSWS running: 1
Sat Jun 27 03:25:59 UTC 2026
status, LSWS running: 1
Sat Jun 27 03:26:59 UTC 2026
status, LSWS running: 1
Sat Jun 27 03:27:59 UTC 2026
status, LSWS running: 1
Sat Jun 27 03:28:38 UTC 2026
start, LSWS running: 0
Sat Jun 27 03:28:40 UTC 2026
status, LSWS running: 1
Sat Jun 27 03:29:40 UTC 2026
status, LSWS running: 1
Sat Jun 27 03:30:40 UTC 2026
status, LSWS running: 1
